<?xml version="1.0" encoding="UTF-8"?>
<coverage generated="1583350070279" clover="3.2.0">
  <project timestamp="1583350070279" name="All files">
    <metrics statements="38" coveredstatements="34" conditionals="8" coveredconditionals="4" methods="18" coveredmethods="17" elements="64" coveredelements="55" complexity="0" loc="38" ncloc="38" packages="2" files="5" classes="5"/>
    <package name="Groa-be">
      <metrics statements="4" coveredstatements="4" conditionals="0" coveredconditionals="0" methods="0" coveredmethods="0"/>
      <file name="knexfile.js" path="/Users/CMRuss/GitHub/Groa-be/knexfile.js">
        <metrics statements="4" coveredstatements="4" conditionals="0" coveredconditionals="0" methods="0" coveredmethods="0"/>
        <line num="1" count="6" type="stmt"/>
        <line num="3" count="6" type="stmt"/>
        <line num="5" count="6" type="stmt"/>
        <line num="21" count="6" type="stmt"/>
      </file>
    </package>
    <package name="Groa-be.uploading.models.letterboxd_tables">
      <metrics statements="34" coveredstatements="30" conditionals="8" coveredconditionals="4" methods="18" coveredmethods="17"/>
      <file name="ratings.js" path="/Users/CMRuss/GitHub/Groa-be/uploading/models/letterboxd_tables/ratings.js">
        <metrics statements="12" coveredstatements="9" conditionals="2" coveredconditionals="1" methods="6" coveredmethods="5"/>
        <line num="1" count="2" type="stmt"/>
        <line num="3" count="2" type="stmt"/>
        <line num="10" count="4" type="stmt"/>
        <line num="15" count="4" type="cond" truecount="1" falsecount="1"/>
        <line num="16" count="4" type="stmt"/>
        <line num="19" count="4" type="stmt"/>
        <line num="20" count="4" type="stmt"/>
        <line num="25" count="0" type="stmt"/>
        <line num="30" count="0" type="stmt"/>
        <line num="31" count="0" type="stmt"/>
        <line num="40" count="1" type="stmt"/>
        <line num="45" count="2" type="stmt"/>
      </file>
      <file name="reviews.js" path="/Users/CMRuss/GitHub/Groa-be/uploading/models/letterboxd_tables/reviews.js">
        <metrics statements="8" coveredstatements="7" conditionals="2" coveredconditionals="1" methods="4" coveredmethods="4"/>
        <line num="1" count="2" type="stmt"/>
        <line num="3" count="2" type="stmt"/>
        <line num="10" count="4" type="stmt"/>
        <line num="15" count="4" type="cond" truecount="1" falsecount="1"/>
        <line num="16" count="4" type="stmt"/>
        <line num="19" count="0" type="stmt"/>
        <line num="28" count="1" type="stmt"/>
        <line num="33" count="2" type="stmt"/>
      </file>
      <file name="watch_list.js" path="/Users/CMRuss/GitHub/Groa-be/uploading/models/letterboxd_tables/watch_list.js">
        <metrics statements="7" coveredstatements="7" conditionals="2" coveredconditionals="1" methods="4" coveredmethods="4"/>
        <line num="1" count="2" type="stmt"/>
        <line num="3" count="2" type="stmt"/>
        <line num="6" count="4" type="stmt"/>
        <line num="11" count="4" type="cond" truecount="1" falsecount="1"/>
        <line num="12" count="4" type="stmt"/>
        <line num="19" count="1" type="stmt"/>
        <line num="24" count="2" type="stmt"/>
      </file>
      <file name="watched.js" path="/Users/CMRuss/GitHub/Groa-be/uploading/models/letterboxd_tables/watched.js">
        <metrics statements="7" coveredstatements="7" conditionals="2" coveredconditionals="1" methods="4" coveredmethods="4"/>
        <line num="1" count="2" type="stmt"/>
        <line num="3" count="2" type="stmt"/>
        <line num="10" count="4" type="stmt"/>
        <line num="15" count="4" type="cond" truecount="1" falsecount="1"/>
        <line num="16" count="4" type="stmt"/>
        <line num="23" count="1" type="stmt"/>
        <line num="28" count="2" type="stmt"/>
      </file>
    </package>
  </project>
</coverage>
