{"/Users/CMRuss/GitHub/Groa-be/auth/users/users-router.js": {"path":"/Users/CMRuss/GitHub/Groa-be/auth/users/users-router.js","statementMap":{"0":{"start":{"line":1,"column":15},"end":{"line":1,"column":34}},"1":{"start":{"line":2,"column":16},"end":{"line":2,"column":34}},"2":{"start":{"line":3,"column":12},"end":{"line":3,"column":35}},"3":{"start":{"line":4,"column":14},"end":{"line":4,"column":30}},"4":{"start":{"line":5,"column":33},"end":{"line":5,"column":73}},"5":{"start":{"line":6,"column":15},"end":{"line":6,"column":31}},"6":{"start":{"line":8,"column":14},"end":{"line":8,"column":38}},"7":{"start":{"line":11,"column":0},"end":{"line":32,"column":3}},"8":{"start":{"line":12,"column":17},"end":{"line":12,"column":25}},"9":{"start":{"line":13,"column":15},"end":{"line":13,"column":52}},"10":{"start":{"line":14,"column":2},"end":{"line":14,"column":27}},"11":{"start":{"line":15,"column":2},"end":{"line":31,"column":7}},"12":{"start":{"line":17,"column":4},"end":{"line":27,"column":5}},"13":{"start":{"line":18,"column":6},"end":{"line":24,"column":8}},"14":{"start":{"line":20,"column":10},"end":{"line":23,"column":13}},"15":{"start":{"line":26,"column":6},"end":{"line":26,"column":73}},"16":{"start":{"line":30,"column":6},"end":{"line":30,"column":76}},"17":{"start":{"line":34,"column":0},"end":{"line":53,"column":3}},"18":{"start":{"line":35,"column":32},"end":{"line":35,"column":40}},"19":{"start":{"line":36,"column":2},"end":{"line":52,"column":7}},"20":{"start":{"line":38,"column":6},"end":{"line":47,"column":7}},"21":{"start":{"line":39,"column":22},"end":{"line":39,"column":37}},"22":{"start":{"line":40,"column":8},"end":{"line":44,"column":11}},"23":{"start":{"line":46,"column":8},"end":{"line":46,"column":61}},"24":{"start":{"line":50,"column":6},"end":{"line":50,"column":25}},"25":{"start":{"line":51,"column":6},"end":{"line":51,"column":80}},"26":{"start":{"line":67,"column":0},"end":{"line":98,"column":3}},"27":{"start":{"line":68,"column":17},"end":{"line":68,"column":27}},"28":{"start":{"line":70,"column":1},"end":{"line":97,"column":7}},"29":{"start":{"line":72,"column":6},"end":{"line":72,"column":34}},"30":{"start":{"line":73,"column":6},"end":{"line":93,"column":7}},"31":{"start":{"line":74,"column":8},"end":{"line":74,"column":46}},"32":{"start":{"line":76,"column":8},"end":{"line":92,"column":10}},"33":{"start":{"line":82,"column":10},"end":{"line":84,"column":11}},"34":{"start":{"line":83,"column":12},"end":{"line":83,"column":152}},"35":{"start":{"line":85,"column":10},"end":{"line":91,"column":12}},"36":{"start":{"line":87,"column":12},"end":{"line":87,"column":40}},"37":{"start":{"line":88,"column":12},"end":{"line":90,"column":13}},"38":{"start":{"line":89,"column":14},"end":{"line":89,"column":51}},"39":{"start":{"line":96,"column":6},"end":{"line":96,"column":111}},"40":{"start":{"line":100,"column":0},"end":{"line":100,"column":24}}},"fnMap":{"0":{"name":"(anonymous_0)","decl":{"start":{"line":11,"column":25},"end":{"line":11,"column":26}},"loc":{"start":{"line":11,"column":39},"end":{"line":32,"column":1}},"line":11},"1":{"name":"(anonymous_1)","decl":{"start":{"line":16,"column":8},"end":{"line":16,"column":9}},"loc":{"start":{"line":16,"column":16},"end":{"line":28,"column":3}},"line":16},"2":{"name":"(anonymous_2)","decl":{"start":{"line":19,"column":12},"end":{"line":19,"column":13}},"loc":{"start":{"line":19,"column":20},"end":{"line":24,"column":7}},"line":19},"3":{"name":"(anonymous_3)","decl":{"start":{"line":29,"column":11},"end":{"line":29,"column":12}},"loc":{"start":{"line":29,"column":20},"end":{"line":31,"column":5}},"line":29},"4":{"name":"(anonymous_4)","decl":{"start":{"line":34,"column":22},"end":{"line":34,"column":23}},"loc":{"start":{"line":34,"column":36},"end":{"line":53,"column":1}},"line":34},"5":{"name":"(anonymous_5)","decl":{"start":{"line":37,"column":10},"end":{"line":37,"column":11}},"loc":{"start":{"line":37,"column":18},"end":{"line":48,"column":5}},"line":37},"6":{"name":"(anonymous_6)","decl":{"start":{"line":49,"column":11},"end":{"line":49,"column":12}},"loc":{"start":{"line":49,"column":20},"end":{"line":52,"column":5}},"line":49},"7":{"name":"(anonymous_7)","decl":{"start":{"line":67,"column":35},"end":{"line":67,"column":36}},"loc":{"start":{"line":67,"column":49},"end":{"line":98,"column":1}},"line":67},"8":{"name":"(anonymous_8)","decl":{"start":{"line":71,"column":10},"end":{"line":71,"column":11}},"loc":{"start":{"line":71,"column":29},"end":{"line":94,"column":5}},"line":71},"9":{"name":"(anonymous_9)","decl":{"start":{"line":81,"column":15},"end":{"line":81,"column":16}},"loc":{"start":{"line":81,"column":27},"end":{"line":92,"column":9}},"line":81},"10":{"name":"(anonymous_10)","decl":{"start":{"line":86,"column":16},"end":{"line":86,"column":17}},"loc":{"start":{"line":86,"column":35},"end":{"line":91,"column":11}},"line":86},"11":{"name":"(anonymous_11)","decl":{"start":{"line":95,"column":11},"end":{"line":95,"column":12}},"loc":{"start":{"line":95,"column":20},"end":{"line":97,"column":5}},"line":95}},"branchMap":{"0":{"loc":{"start":{"line":17,"column":4},"end":{"line":27,"column":5}},"type":"if","locations":[{"start":{"line":17,"column":4},"end":{"line":27,"column":5}},{"start":{"line":17,"column":4},"end":{"line":27,"column":5}}],"line":17},"1":{"loc":{"start":{"line":38,"column":6},"end":{"line":47,"column":7}},"type":"if","locations":[{"start":{"line":38,"column":6},"end":{"line":47,"column":7}},{"start":{"line":38,"column":6},"end":{"line":47,"column":7}}],"line":38},"2":{"loc":{"start":{"line":38,"column":10},"end":{"line":38,"column":61}},"type":"binary-expr","locations":[{"start":{"line":38,"column":10},"end":{"line":38,"column":14}},{"start":{"line":38,"column":18},"end":{"line":38,"column":61}}],"line":38},"3":{"loc":{"start":{"line":73,"column":6},"end":{"line":93,"column":7}},"type":"if","locations":[{"start":{"line":73,"column":6},"end":{"line":93,"column":7}},{"start":{"line":73,"column":6},"end":{"line":93,"column":7}}],"line":73},"4":{"loc":{"start":{"line":82,"column":10},"end":{"line":84,"column":11}},"type":"if","locations":[{"start":{"line":82,"column":10},"end":{"line":84,"column":11}},{"start":{"line":82,"column":10},"end":{"line":84,"column":11}}],"line":82},"5":{"loc":{"start":{"line":82,"column":13},"end":{"line":82,"column":129}},"type":"binary-expr","locations":[{"start":{"line":82,"column":13},"end":{"line":82,"column":50}},{"start":{"line":82,"column":54},"end":{"line":82,"column":129}}],"line":82},"6":{"loc":{"start":{"line":88,"column":12},"end":{"line":90,"column":13}},"type":"if","locations":[{"start":{"line":88,"column":12},"end":{"line":90,"column":13}},{"start":{"line":88,"column":12},"end":{"line":90,"column":13}}],"line":88}},"s":{"0":1,"1":1,"2":1,"3":1,"4":1,"5":1,"6":1,"7":1,"8":3,"9":3,"10":2,"11":2,"12":2,"13":2,"14":2,"15":0,"16":0,"17":1,"18":2,"19":2,"20":2,"21":1,"22":1,"23":1,"24":0,"25":0,"26":1,"27":1,"28":1,"29":0,"30":0,"31":0,"32":0,"33":0,"34":0,"35":0,"36":0,"37":0,"38":0,"39":1,"40":1},"f":{"0":3,"1":2,"2":2,"3":0,"4":2,"5":2,"6":0,"7":1,"8":0,"9":0,"10":0,"11":1},"b":{"0":[2,0],"1":[1,1],"2":[2,1],"3":[0,0],"4":[0,0],"5":[0,0],"6":[0,0]},"_coverageSchema":"1a1c01bbd47fc00a2c39e90264f33305004495a9","hash":"785e3848aaabb524e32fec6618c38801bc60777b"}
,"/Users/CMRuss/GitHub/Groa-be/uploading/uploading-router.js": {"path":"/Users/CMRuss/GitHub/Groa-be/uploading/uploading-router.js","statementMap":{"0":{"start":{"line":1,"column":15},"end":{"line":1,"column":42}},"1":{"start":{"line":2,"column":11},"end":{"line":2,"column":24}},"2":{"start":{"line":3,"column":12},"end":{"line":3,"column":33}},"3":{"start":{"line":4,"column":17},"end":{"line":4,"column":36}},"4":{"start":{"line":5,"column":19},"end":{"line":5,"column":48}},"5":{"start":{"line":7,"column":0},"end":{"line":14,"column":2}},"6":{"start":{"line":17,"column":22},"end":{"line":17,"column":70}},"7":{"start":{"line":18,"column":22},"end":{"line":18,"column":70}},"8":{"start":{"line":19,"column":25},"end":{"line":19,"column":73}},"9":{"start":{"line":20,"column":27},"end":{"line":20,"column":78}},"10":{"start":{"line":21,"column":24},"end":{"line":21,"column":60}},"11":{"start":{"line":23,"column":0},"end":{"line":144,"column":3}},"12":{"start":{"line":24,"column":23},"end":{"line":24,"column":52}},"13":{"start":{"line":27,"column":2},"end":{"line":135,"column":6}},"14":{"start":{"line":30,"column":23},"end":{"line":30,"column":33}},"15":{"start":{"line":38,"column":8},"end":{"line":38,"column":47}},"16":{"start":{"line":47,"column":8},"end":{"line":47,"column":60}},"17":{"start":{"line":48,"column":8},"end":{"line":115,"column":13}},"18":{"start":{"line":54,"column":25},"end":{"line":61,"column":13}},"19":{"start":{"line":63,"column":12},"end":{"line":114,"column":13}},"20":{"start":{"line":65,"column":16},"end":{"line":65,"column":39}},"21":{"start":{"line":66,"column":16},"end":{"line":68,"column":58}},"22":{"start":{"line":67,"column":30},"end":{"line":67,"column":34}},"23":{"start":{"line":68,"column":32},"end":{"line":68,"column":56}},"24":{"start":{"line":69,"column":16},"end":{"line":69,"column":22}},"25":{"start":{"line":72,"column":36},"end":{"line":72,"column":63}},"26":{"start":{"line":73,"column":16},"end":{"line":80,"column":18}},"27":{"start":{"line":81,"column":16},"end":{"line":83,"column":58}},"28":{"start":{"line":82,"column":30},"end":{"line":82,"column":34}},"29":{"start":{"line":83,"column":32},"end":{"line":83,"column":56}},"30":{"start":{"line":84,"column":16},"end":{"line":84,"column":22}},"31":{"start":{"line":86,"column":16},"end":{"line":92,"column":18}},"32":{"start":{"line":93,"column":16},"end":{"line":95,"column":58}},"33":{"start":{"line":94,"column":30},"end":{"line":94,"column":34}},"34":{"start":{"line":95,"column":32},"end":{"line":95,"column":56}},"35":{"start":{"line":96,"column":16},"end":{"line":96,"column":22}},"36":{"start":{"line":98,"column":16},"end":{"line":104,"column":18}},"37":{"start":{"line":105,"column":16},"end":{"line":107,"column":58}},"38":{"start":{"line":106,"column":30},"end":{"line":106,"column":34}},"39":{"start":{"line":107,"column":32},"end":{"line":107,"column":56}},"40":{"start":{"line":108,"column":16},"end":{"line":108,"column":22}},"41":{"start":{"line":110,"column":26},"end":{"line":112,"column":17}},"42":{"start":{"line":113,"column":16},"end":{"line":113,"column":46}},"43":{"start":{"line":119,"column":6},"end":{"line":134,"column":7}},"44":{"start":{"line":121,"column":10},"end":{"line":121,"column":53}},"45":{"start":{"line":122,"column":10},"end":{"line":122,"column":16}},"46":{"start":{"line":124,"column":10},"end":{"line":124,"column":53}},"47":{"start":{"line":125,"column":10},"end":{"line":125,"column":16}},"48":{"start":{"line":127,"column":10},"end":{"line":127,"column":53}},"49":{"start":{"line":128,"column":10},"end":{"line":128,"column":16}},"50":{"start":{"line":130,"column":10},"end":{"line":130,"column":53}},"51":{"start":{"line":131,"column":10},"end":{"line":131,"column":16}},"52":{"start":{"line":133,"column":10},"end":{"line":133,"column":28}},"53":{"start":{"line":136,"column":4},"end":{"line":143,"column":6}},"54":{"start":{"line":138,"column":6},"end":{"line":138,"column":32}},"55":{"start":{"line":141,"column":6},"end":{"line":141,"column":22}},"56":{"start":{"line":142,"column":6},"end":{"line":142,"column":91}},"57":{"start":{"line":146,"column":0},"end":{"line":146,"column":24}}},"fnMap":{"0":{"name":"(anonymous_0)","decl":{"start":{"line":23,"column":35},"end":{"line":23,"column":36}},"loc":{"start":{"line":23,"column":49},"end":{"line":144,"column":1}},"line":23},"1":{"name":"(anonymous_1)","decl":{"start":{"line":29,"column":17},"end":{"line":29,"column":18}},"loc":{"start":{"line":29,"column":33},"end":{"line":135,"column":5}},"line":29},"2":{"name":"removeNewLines","decl":{"start":{"line":37,"column":15},"end":{"line":37,"column":29}},"loc":{"start":{"line":37,"column":38},"end":{"line":39,"column":7}},"line":37},"3":{"name":"createTempFilePath","decl":{"start":{"line":46,"column":15},"end":{"line":46,"column":33}},"loc":{"start":{"line":46,"column":46},"end":{"line":116,"column":7}},"line":46},"4":{"name":"(anonymous_4)","decl":{"start":{"line":52,"column":22},"end":{"line":52,"column":23}},"loc":{"start":{"line":52,"column":37},"end":{"line":115,"column":11}},"line":52},"5":{"name":"(anonymous_5)","decl":{"start":{"line":67,"column":24},"end":{"line":67,"column":25}},"loc":{"start":{"line":67,"column":30},"end":{"line":67,"column":34}},"line":67},"6":{"name":"(anonymous_6)","decl":{"start":{"line":68,"column":25},"end":{"line":68,"column":26}},"loc":{"start":{"line":68,"column":32},"end":{"line":68,"column":56}},"line":68},"7":{"name":"(anonymous_7)","decl":{"start":{"line":82,"column":24},"end":{"line":82,"column":25}},"loc":{"start":{"line":82,"column":30},"end":{"line":82,"column":34}},"line":82},"8":{"name":"(anonymous_8)","decl":{"start":{"line":83,"column":25},"end":{"line":83,"column":26}},"loc":{"start":{"line":83,"column":32},"end":{"line":83,"column":56}},"line":83},"9":{"name":"(anonymous_9)","decl":{"start":{"line":94,"column":24},"end":{"line":94,"column":25}},"loc":{"start":{"line":94,"column":30},"end":{"line":94,"column":34}},"line":94},"10":{"name":"(anonymous_10)","decl":{"start":{"line":95,"column":25},"end":{"line":95,"column":26}},"loc":{"start":{"line":95,"column":32},"end":{"line":95,"column":56}},"line":95},"11":{"name":"(anonymous_11)","decl":{"start":{"line":106,"column":24},"end":{"line":106,"column":25}},"loc":{"start":{"line":106,"column":30},"end":{"line":106,"column":34}},"line":106},"12":{"name":"(anonymous_12)","decl":{"start":{"line":107,"column":25},"end":{"line":107,"column":26}},"loc":{"start":{"line":107,"column":32},"end":{"line":107,"column":56}},"line":107},"13":{"name":"(anonymous_13)","decl":{"start":{"line":137,"column":10},"end":{"line":137,"column":11}},"loc":{"start":{"line":137,"column":18},"end":{"line":139,"column":5}},"line":137},"14":{"name":"(anonymous_14)","decl":{"start":{"line":140,"column":11},"end":{"line":140,"column":12}},"loc":{"start":{"line":140,"column":18},"end":{"line":143,"column":5}},"line":140}},"branchMap":{"0":{"loc":{"start":{"line":59,"column":22},"end":{"line":59,"column":70}},"type":"cond-expr","locations":[{"start":{"line":59,"column":43},"end":{"line":59,"column":58}},{"start":{"line":59,"column":61},"end":{"line":59,"column":70}}],"line":59},"1":{"loc":{"start":{"line":63,"column":12},"end":{"line":114,"column":13}},"type":"switch","locations":[{"start":{"line":64,"column":14},"end":{"line":69,"column":22}},{"start":{"line":70,"column":14},"end":{"line":84,"column":22}},{"start":{"line":85,"column":14},"end":{"line":96,"column":22}},{"start":{"line":97,"column":14},"end":{"line":108,"column":22}},{"start":{"line":109,"column":14},"end":{"line":113,"column":46}}],"line":63},"2":{"loc":{"start":{"line":119,"column":6},"end":{"line":134,"column":7}},"type":"switch","locations":[{"start":{"line":120,"column":8},"end":{"line":122,"column":16}},{"start":{"line":123,"column":8},"end":{"line":125,"column":16}},{"start":{"line":126,"column":8},"end":{"line":128,"column":16}},{"start":{"line":129,"column":8},"end":{"line":131,"column":16}},{"start":{"line":132,"column":8},"end":{"line":133,"column":28}}],"line":119}},"s":{"0":1,"1":1,"2":1,"3":1,"4":1,"5":1,"6":1,"7":1,"8":1,"9":1,"10":1,"11":1,"12":0,"13":0,"14":0,"15":0,"16":0,"17":0,"18":0,"19":0,"20":0,"21":0,"22":0,"23":0,"24":0,"25":0,"26":0,"27":0,"28":0,"29":0,"30":0,"31":0,"32":0,"33":0,"34":0,"35":0,"36":0,"37":0,"38":0,"39":0,"40":0,"41":0,"42":0,"43":0,"44":0,"45":0,"46":0,"47":0,"48":0,"49":0,"50":0,"51":0,"52":0,"53":0,"54":0,"55":0,"56":0,"57":1},"f":{"0":0,"1":0,"2":0,"3":0,"4":0,"5":0,"6":0,"7":0,"8":0,"9":0,"10":0,"11":0,"12":0,"13":0,"14":0},"b":{"0":[0,0],"1":[0,0,0,0,0],"2":[0,0,0,0,0]},"_coverageSchema":"1a1c01bbd47fc00a2c39e90264f33305004495a9","hash":"039618684888fe2f3cb688fd73c60661e3b05b73"}
}
