{"/Users/CMRuss/GitHub/Groa-be/auth/users/users-model.js": {"path":"/Users/CMRuss/GitHub/Groa-be/auth/users/users-model.js","statementMap":{"0":{"start":{"line":1,"column":11},"end":{"line":1,"column":48}},"1":{"start":{"line":3,"column":0},"end":{"line":10,"column":2}},"2":{"start":{"line":13,"column":2},"end":{"line":20,"column":7}},"3":{"start":{"line":16,"column":19},"end":{"line":16,"column":22}},"4":{"start":{"line":17,"column":6},"end":{"line":19,"column":17}},"5":{"start":{"line":24,"column":2},"end":{"line":26,"column":13}},"6":{"start":{"line":30,"column":2},"end":{"line":32,"column":13}},"7":{"start":{"line":36,"column":2},"end":{"line":37,"column":30}},"8":{"start":{"line":41,"column":13},"end":{"line":42,"column":39}},"9":{"start":{"line":43,"column":2},"end":{"line":49,"column":4}},"10":{"start":{"line":46,"column":4},"end":{"line":48,"column":5}},"11":{"start":{"line":50,"column":2},"end":{"line":56,"column":4}},"12":{"start":{"line":53,"column":4},"end":{"line":55,"column":5}},"13":{"start":{"line":57,"column":2},"end":{"line":63,"column":4}},"14":{"start":{"line":60,"column":4},"end":{"line":62,"column":5}},"15":{"start":{"line":64,"column":2},"end":{"line":70,"column":4}},"16":{"start":{"line":67,"column":4},"end":{"line":69,"column":5}},"17":{"start":{"line":71,"column":2},"end":{"line":71,"column":14}},"18":{"start":{"line":75,"column":2},"end":{"line":80,"column":13}}},"fnMap":{"0":{"name":"add","decl":{"start":{"line":12,"column":9},"end":{"line":12,"column":12}},"loc":{"start":{"line":12,"column":19},"end":{"line":21,"column":1}},"line":12},"1":{"name":"(anonymous_1)","decl":{"start":{"line":15,"column":10},"end":{"line":15,"column":11}},"loc":{"start":{"line":15,"column":17},"end":{"line":20,"column":5}},"line":15},"2":{"name":"findBy","decl":{"start":{"line":23,"column":9},"end":{"line":23,"column":15}},"loc":{"start":{"line":23,"column":27},"end":{"line":27,"column":1}},"line":23},"3":{"name":"getUserById","decl":{"start":{"line":29,"column":9},"end":{"line":29,"column":20}},"loc":{"start":{"line":29,"column":25},"end":{"line":33,"column":1}},"line":29},"4":{"name":"findUsers","decl":{"start":{"line":35,"column":9},"end":{"line":35,"column":18}},"loc":{"start":{"line":35,"column":21},"end":{"line":38,"column":1}},"line":35},"5":{"name":"getUserData","decl":{"start":{"line":40,"column":15},"end":{"line":40,"column":26}},"loc":{"start":{"line":40,"column":36},"end":{"line":72,"column":1}},"line":40},"6":{"name":"(anonymous_6)","decl":{"start":{"line":45,"column":8},"end":{"line":45,"column":9}},"loc":{"start":{"line":45,"column":19},"end":{"line":49,"column":3}},"line":45},"7":{"name":"(anonymous_7)","decl":{"start":{"line":52,"column":8},"end":{"line":52,"column":9}},"loc":{"start":{"line":52,"column":19},"end":{"line":56,"column":3}},"line":52},"8":{"name":"(anonymous_8)","decl":{"start":{"line":59,"column":8},"end":{"line":59,"column":9}},"loc":{"start":{"line":59,"column":19},"end":{"line":63,"column":3}},"line":59},"9":{"name":"(anonymous_9)","decl":{"start":{"line":66,"column":8},"end":{"line":66,"column":9}},"loc":{"start":{"line":66,"column":21},"end":{"line":70,"column":3}},"line":66},"10":{"name":"getUserRecommendations","decl":{"start":{"line":74,"column":9},"end":{"line":74,"column":31}},"loc":{"start":{"line":74,"column":36},"end":{"line":81,"column":1}},"line":74}},"branchMap":{},"s":{"0":2,"1":2,"2":3,"3":3,"4":3,"5":5,"6":2,"7":1,"8":1,"9":1,"10":1,"11":1,"12":1,"13":1,"14":1,"15":1,"16":1,"17":1,"18":0},"f":{"0":3,"1":3,"2":5,"3":2,"4":1,"5":1,"6":1,"7":1,"8":1,"9":1,"10":0},"b":{},"_coverageSchema":"1a1c01bbd47fc00a2c39e90264f33305004495a9","hash":"8316f75d4df58e4c8780321e7767614078914584"}
,"/Users/CMRuss/GitHub/Groa-be/seeds/002-user_letterboxd_ratings.js": {"path":"/Users/CMRuss/GitHub/Groa-be/seeds/002-user_letterboxd_ratings.js","statementMap":{"0":{"start":{"line":2,"column":0},"end":{"line":26,"column":2}},"1":{"start":{"line":4,"column":2},"end":{"line":25,"column":7}},"2":{"start":{"line":7,"column":6},"end":{"line":24,"column":9}}},"fnMap":{"0":{"name":"(anonymous_0)","decl":{"start":{"line":2,"column":15},"end":{"line":2,"column":16}},"loc":{"start":{"line":2,"column":30},"end":{"line":26,"column":1}},"line":2},"1":{"name":"(anonymous_1)","decl":{"start":{"line":5,"column":10},"end":{"line":5,"column":11}},"loc":{"start":{"line":5,"column":22},"end":{"line":25,"column":5}},"line":5}},"branchMap":{},"s":{"0":1,"1":4,"2":4},"f":{"0":4,"1":4},"b":{},"_coverageSchema":"1a1c01bbd47fc00a2c39e90264f33305004495a9","hash":"0dc518c1c3ffaa136d0b7fbf0847b372e0c1ee3d"}
,"/Users/CMRuss/GitHub/Groa-be/seeds/003-user_letterboxd_reviews.js": {"path":"/Users/CMRuss/GitHub/Groa-be/seeds/003-user_letterboxd_reviews.js","statementMap":{"0":{"start":{"line":2,"column":0},"end":{"line":37,"column":2}},"1":{"start":{"line":4,"column":2},"end":{"line":36,"column":7}},"2":{"start":{"line":7,"column":6},"end":{"line":35,"column":9}}},"fnMap":{"0":{"name":"(anonymous_0)","decl":{"start":{"line":2,"column":15},"end":{"line":2,"column":16}},"loc":{"start":{"line":2,"column":30},"end":{"line":37,"column":1}},"line":2},"1":{"name":"(anonymous_1)","decl":{"start":{"line":5,"column":10},"end":{"line":5,"column":11}},"loc":{"start":{"line":5,"column":22},"end":{"line":36,"column":5}},"line":5}},"branchMap":{},"s":{"0":1,"1":4,"2":4},"f":{"0":4,"1":4},"b":{},"_coverageSchema":"1a1c01bbd47fc00a2c39e90264f33305004495a9","hash":"6e833b15b1bacbc3a0609a63f5cb2bdaca90fb02"}
,"/Users/CMRuss/GitHub/Groa-be/seeds/004-user_letterboxd_watched.js": {"path":"/Users/CMRuss/GitHub/Groa-be/seeds/004-user_letterboxd_watched.js","statementMap":{"0":{"start":{"line":2,"column":0},"end":{"line":24,"column":2}},"1":{"start":{"line":4,"column":2},"end":{"line":23,"column":7}},"2":{"start":{"line":7,"column":6},"end":{"line":22,"column":9}}},"fnMap":{"0":{"name":"(anonymous_0)","decl":{"start":{"line":2,"column":15},"end":{"line":2,"column":16}},"loc":{"start":{"line":2,"column":30},"end":{"line":24,"column":1}},"line":2},"1":{"name":"(anonymous_1)","decl":{"start":{"line":5,"column":10},"end":{"line":5,"column":11}},"loc":{"start":{"line":5,"column":22},"end":{"line":23,"column":5}},"line":5}},"branchMap":{},"s":{"0":1,"1":4,"2":4},"f":{"0":4,"1":4},"b":{},"_coverageSchema":"1a1c01bbd47fc00a2c39e90264f33305004495a9","hash":"66ddd397a71469d6be36456052e0cebb61f51385"}
,"/Users/CMRuss/GitHub/Groa-be/seeds/005-user_letterboxd_watchlist.js": {"path":"/Users/CMRuss/GitHub/Groa-be/seeds/005-user_letterboxd_watchlist.js","statementMap":{"0":{"start":{"line":2,"column":0},"end":{"line":24,"column":2}},"1":{"start":{"line":4,"column":2},"end":{"line":23,"column":7}},"2":{"start":{"line":7,"column":6},"end":{"line":22,"column":9}}},"fnMap":{"0":{"name":"(anonymous_0)","decl":{"start":{"line":2,"column":15},"end":{"line":2,"column":16}},"loc":{"start":{"line":2,"column":30},"end":{"line":24,"column":1}},"line":2},"1":{"name":"(anonymous_1)","decl":{"start":{"line":5,"column":10},"end":{"line":5,"column":11}},"loc":{"start":{"line":5,"column":22},"end":{"line":23,"column":5}},"line":5}},"branchMap":{},"s":{"0":1,"1":4,"2":4},"f":{"0":4,"1":4},"b":{},"_coverageSchema":"1a1c01bbd47fc00a2c39e90264f33305004495a9","hash":"df60cf40884cfc79e16d61d40a2bc3b02227cd33"}
}
