TN:
SF:auth/users/users-model.js
FN:12,add
FN:15,(anonymous_1)
FN:23,findBy
FN:29,getUserById
FN:35,findUsers
FN:40,getUserData
FN:45,(anonymous_6)
FN:52,(anonymous_7)
FN:59,(anonymous_8)
FN:66,(anonymous_9)
FN:74,getUserRecommendations
FNF:11
FNH:6
FNDA:3,add
FNDA:3,(anonymous_1)
FNDA:5,findBy
FNDA:1,getUserById
FNDA:1,findUsers
FNDA:0,getUserData
FNDA:0,(anonymous_6)
FNDA:0,(anonymous_7)
FNDA:0,(anonymous_8)
FNDA:0,(anonymous_9)
FNDA:1,getUserRecommendations
DA:1,2
DA:3,2
DA:13,3
DA:16,3
DA:17,3
DA:24,5
DA:30,1
DA:36,1
DA:41,0
DA:43,0
DA:46,0
DA:50,0
DA:53,0
DA:57,0
DA:60,0
DA:64,0
DA:67,0
DA:71,0
DA:75,1
LF:19
LH:9
BRF:0
BRH:0
end_of_record
TN:
SF:uploading/uploading-router.js
FN:23,(anonymous_0)
FN:29,(anonymous_1)
FN:37,removeNewLines
FN:46,createTempFilePath
FN:52,(anonymous_4)
FN:68,(anonymous_5)
FN:69,(anonymous_6)
FN:83,(anonymous_7)
FN:84,(anonymous_8)
FN:96,(anonymous_9)
FN:97,(anonymous_10)
FN:109,(anonymous_11)
FN:110,(anonymous_12)
FN:140,(anonymous_13)
FN:143,(anonymous_14)
FNF:15
FNH:0
FNDA:0,(anonymous_0)
FNDA:0,(anonymous_1)
FNDA:0,removeNewLines
FNDA:0,createTempFilePath
FNDA:0,(anonymous_4)
FNDA:0,(anonymous_5)
FNDA:0,(anonymous_6)
FNDA:0,(anonymous_7)
FNDA:0,(anonymous_8)
FNDA:0,(anonymous_9)
FNDA:0,(anonymous_10)
FNDA:0,(anonymous_11)
FNDA:0,(anonymous_12)
FNDA:0,(anonymous_13)
FNDA:0,(anonymous_14)
DA:1,1
DA:2,1
DA:3,1
DA:4,1
DA:5,1
DA:7,1
DA:17,1
DA:18,1
DA:19,1
DA:20,1
DA:21,1
DA:23,1
DA:24,0
DA:27,0
DA:30,0
DA:38,0
DA:47,0
DA:48,0
DA:54,0
DA:64,0
DA:66,0
DA:67,0
DA:68,0
DA:69,0
DA:70,0
DA:73,0
DA:74,0
DA:82,0
DA:83,0
DA:84,0
DA:85,0
DA:87,0
DA:95,0
DA:96,0
DA:97,0
DA:98,0
DA:100,0
DA:108,0
DA:109,0
DA:110,0
DA:111,0
DA:113,0
DA:116,0
DA:122,0
DA:124,0
DA:125,0
DA:127,0
DA:128,0
DA:130,0
DA:131,0
DA:133,0
DA:134,0
DA:136,0
DA:139,0
DA:141,0
DA:143,0
DA:146,1
LF:57
LH:13
BRDA:60,0,0,0
BRDA:60,0,1,0
BRDA:64,1,0,0
BRDA:64,1,1,0
BRDA:64,1,2,0
BRDA:64,1,3,0
BRDA:64,1,4,0
BRDA:122,2,0,0
BRDA:122,2,1,0
BRDA:122,2,2,0
BRDA:122,2,3,0
BRDA:122,2,4,0
BRF:12
BRH:0
end_of_record
