TN:
SF:uploading\user-groa-router.js
FN:31,(anonymous_0)
FN:40,(anonymous_1)
FN:43,(anonymous_2)
FNF:3
FNH:0
FNDA:0,(anonymous_0)
FNDA:0,(anonymous_1)
FNDA:0,(anonymous_2)
DA:1,1
DA:4,1
DA:7,1
DA:31,1
DA:32,0
DA:39,0
DA:41,0
DA:44,0
DA:52,1
LF:9
LH:5
BRF:0
BRH:0
end_of_record
TN:
SF:uploading\middleware\validateRatingBody.js
FN:1,(anonymous_0)
FNF:1
FNH:0
FNDA:0,(anonymous_0)
DA:1,1
DA:2,0
DA:4,0
DA:7,0
DA:9,0
DA:12,0
DA:14,0
DA:18,0
DA:22,0
LF:9
LH:1
BRDA:2,0,0,0
BRDA:2,0,1,0
BRDA:2,0,2,0
BRDA:2,0,3,0
BRDA:2,0,4,0
BRDA:8,1,0,0
BRDA:8,1,1,0
BRDA:8,1,2,0
BRF:8
BRH:0
end_of_record
